#
# There is insufficient memory for the Java Runtime Environment to continue.
# Native memory allocation (mmap) failed to map 134217728 bytes for Failed to commit area from 0x0000000081400000 to 0x0000000089400000 of length 134217728.
# Possible reasons:
#   The system is out of physical RAM or swap space
#   The process is running with CompressedOops enabled, and the Java Heap may be blocking the growth of the native heap
# Possible solutions:
#   Reduce memory load on the system
#   Increase physical memory or swap space
#   Check if swap backing store is full
#   Decrease Java heap size (-Xmx/-Xms)
#   Decrease number of Java threads
#   Decrease Java thread stack sizes (-Xss)
#   Set larger code cache with -XX:ReservedCodeCacheSize=
# This output file may be truncated or incomplete.
#
#  Out of Memory Error (c:/BuildAgent/work/5ff2f6c26000d570/src/hotspot/os/windows/os_windows.cpp:3272), pid=8024, tid=8124
#
# JRE version:  (11.0.3+12) (build )
# Java VM: OpenJDK 64-Bit Server VM (11.0.3+12-b304.56, mixed mode, aot, sharing, tiered, compressed oops, g1 gc, windows-amd64)
# No core dump will be written. Minidumps are not enabled by default on client versions of Windows
#

---------------  S U M M A R Y ------------

Command Line: org.jetbrains.git4idea.http.GitAskPassApp Username for 'https://gitlab.cs.ttu.ee': 

Host: Intel(R) Core(TM) i5-4460  CPU @ 3.20GHz, 4 cores, 7G,  Windows 10 , 64 bit Build 17763 (10.0.17763.475)
Time: Tue Mar 24 18:12:07 2020 Oeieyiaey (ceia) elapsed time: 0 seconds (0d 0h 0m 0s)

---------------  T H R E A D  ---------------

Current thread (0x0000025838c17800):  JavaThread "Unknown thread" [_thread_in_vm, id=8124, stack(0x0000008903c00000,0x0000008903d00000)]

Stack: [0x0000008903c00000,0x0000008903d00000]
Native frames: (J=compiled Java code, j=interpreted, Vv=VM code, C=native code)
V  [jvm.dll+0x5da77a]
V  [jvm.dll+0x70b9c9]
V  [jvm.dll+0x70cee8]
V  [jvm.dll+0x70d5b3]
V  [jvm.dll+0x23ddc8]
V  [jvm.dll+0x5d7ef4]
V  [jvm.dll+0x5ccfc5]
V  [jvm.dll+0x2fa44b]
V  [jvm.dll+0x2fa3ba]
V  [jvm.dll+0x2fa292]
V  [jvm.dll+0x2ff156]
V  [jvm.dll+0x3474c3]
V  [jvm.dll+0x347bc6]
V  [jvm.dll+0x3475c3]
V  [jvm.dll+0x2d4f68]
V  [jvm.dll+0x2d6107]
V  [jvm.dll+0x6eabf7]
V  [jvm.dll+0x6ec38c]
V  [jvm.dll+0x354c29]
V  [jvm.dll+0x6d28ae]
V  [jvm.dll+0x3bd363]
V  [jvm.dll+0x3bf7a1]
C  [java.exe+0x3763]
C  [java.exe+0x17a0c]
C  [KERNEL32.DLL+0x17974]
C  [ntdll.dll+0x6a271]


---------------  P R O C E S S  ---------------

Threads class SMR info:
_java_thread_list=0x0000025836b795d0, length=0, elements={
}

Java Threads: ( => current thread )

Other Threads:
  0x0000025838c2f800 GCTaskThread "GC Thread#0" [stack: 0x0000008903d00000,0x0000008903e00000] [id=1936]
  0x0000025838c62800 ConcurrentGCThread "G1 Main Marker" [stack: 0x0000008903e00000,0x0000008903f00000] [id=9364]
  0x0000025838c64000 ConcurrentGCThread "G1 Conc#0" [stack: 0x0000008903f00000,0x0000008904000000] [id=17784]

[error occurred during error reporting (printing all threads), id 0xc0000005, EXCEPTION_ACCESS_VIOLATION (0xc0000005) at pc=0x00007ff9378e5507]

VM state:not at safepoint (not fully initialized)

VM Mutex/Monitor currently owned by a thread:  ([mutex/lock_event])
[0x0000025838c14540] Heap_lock - owner thread: 0x0000025838c17800

Heap address: 0x0000000081400000, size: 2028 MB, Compressed Oops mode: Non-zero based: 0x0000000081400000
Narrow klass base: 0x0000000000000000, Narrow klass shift: 0

GC Heap History (0 events):
No events

Deoptimization events (0 events):
No events

Classes redefined (0 events):
No events

Internal exceptions (0 events):
No events

Events (0 events):
No events


Dynamic libraries:
0x00007ff672bb0000 - 0x00007ff672bf7000 	C:\Program Files\JetBrains\PhpStorm 2019.2.2\jbr\bin\java.exe
0x00007ff9b4530000 - 0x00007ff9b471d000 	C:\Windows\SYSTEM32\ntdll.dll
0x00007ff9b3020000 - 0x00007ff9b30d3000 	C:\Windows\System32\KERNEL32.DLL
0x00007ff9b0b60000 - 0x00007ff9b0df3000 	C:\Windows\System32\KERNELBASE.dll
0x00007ff9b3e00000 - 0x00007ff9b3f97000 	C:\Windows\System32\USER32.dll
0x00007ff9b0b10000 - 0x00007ff9b0b30000 	C:\Windows\System32\win32u.dll
0x00007ff9b3370000 - 0x00007ff9b3399000 	C:\Windows\System32\GDI32.dll
0x00007ff9b0920000 - 0x00007ff9b0ab9000 	C:\Windows\System32\gdi32full.dll
0x00007ff9b16b0000 - 0x00007ff9b1750000 	C:\Windows\System32\msvcp_win.dll
0x00007ff9b15b0000 - 0x00007ff9b16aa000 	C:\Windows\System32\ucrtbase.dll
0x00007ff99dc20000 - 0x00007ff99de99000 	C:\Windows\WinSxS\amd64_microsoft.windows.common-controls_6595b64144ccf1df_6.0.17763.737_none_05b6437c071e554b\COMCTL32.dll
0x00007ff9b34d0000 - 0x00007ff9b356e000 	C:\Windows\System32\msvcrt.dll
0x00007ff9b3fa0000 - 0x00007ff9b42cc000 	C:\Windows\System32\combase.dll
0x00007ff9b1750000 - 0x00007ff9b1872000 	C:\Windows\System32\RPCRT4.dll
0x00007ff9b08a0000 - 0x00007ff9b091e000 	C:\Windows\System32\bcryptPrimitives.dll
0x00007ff9b3ac0000 - 0x00007ff9b3aee000 	C:\Windows\System32\IMM32.DLL
0x00007ff9970e0000 - 0x00007ff9970f7000 	C:\Program Files\JetBrains\PhpStorm 2019.2.2\jbr\bin\vcruntime140.dll
0x00007ff993450000 - 0x00007ff9934ed000 	C:\Program Files\JetBrains\PhpStorm 2019.2.2\jbr\bin\msvcp140.dll
0x00007ff937600000 - 0x00007ff9380b7000 	C:\Program Files\JetBrains\PhpStorm 2019.2.2\jbr\bin\server\jvm.dll
0x00007ff9b30e0000 - 0x00007ff9b3183000 	C:\Windows\System32\ADVAPI32.dll
0x00007ff9b31f0000 - 0x00007ff9b328e000 	C:\Windows\System32\sechost.dll
0x00007ff9b1880000 - 0x00007ff9b1888000 	C:\Windows\System32\PSAPI.DLL
0x00007ff9aba50000 - 0x00007ff9aba59000 	C:\Windows\SYSTEM32\WSOCK32.dll
0x00007ff9ae3f0000 - 0x00007ff9ae414000 	C:\Windows\SYSTEM32\WINMM.dll
0x00007ff9b32f0000 - 0x00007ff9b335d000 	C:\Windows\System32\WS2_32.dll
0x00007ff9a95c0000 - 0x00007ff9a95ca000 	C:\Windows\SYSTEM32\VERSION.dll
0x00007ff9ae060000 - 0x00007ff9ae08d000 	C:\Windows\SYSTEM32\WINMMBASE.dll
0x00007ff9b0ac0000 - 0x00007ff9b0b0a000 	C:\Windows\System32\cfgmgr32.dll
0x00007ff9b0580000 - 0x00007ff9b0591000 	C:\Windows\System32\kernel.appcore.dll
0x00007ff994ca0000 - 0x00007ff994cb1000 	C:\Program Files\JetBrains\PhpStorm 2019.2.2\jbr\bin\verify.dll
0x00007ff99e290000 - 0x00007ff99e47d000 	C:\Windows\SYSTEM32\DBGHELP.DLL
0x00007ff99d020000 - 0x00007ff99d04a000 	C:\Windows\SYSTEM32\dbgcore.DLL
0x00007ff98e090000 - 0x00007ff98e0b9000 	C:\Program Files\JetBrains\PhpStorm 2019.2.2\jbr\bin\java.dll
0x00007ff98de90000 - 0x00007ff98dea7000 	C:\Program Files\JetBrains\PhpStorm 2019.2.2\jbr\bin\zip.dll
0x00007ff99eae0000 - 0x00007ff99eaeb000 	C:\Program Files\JetBrains\PhpStorm 2019.2.2\jbr\bin\jimage.dll

dbghelp: loaded successfully - version: 4.0.5 - missing functions: none
symbol engine: initialized successfully - sym options: 0x614 - pdb path: .;C:\Program Files\JetBrains\PhpStorm 2019.2.2\jbr\bin;C:\Windows\SYSTEM32;C:\Windows\WinSxS\amd64_microsoft.windows.common-controls_6595b64144ccf1df_6.0.17763.737_none_05b6437c071e554b;C:\Program Files\JetBrains\PhpStorm 2019.2.2\jbr\bin\server

VM Arguments:
java_command: org.jetbrains.git4idea.http.GitAskPassApp Username for 'https://gitlab.cs.ttu.ee': 
java_class_path (initial): C:/Program Files/JetBrains/PhpStorm 2019.2.2/plugins/git4idea/lib/git4idea-rt.jar;C:/Program Files/JetBrains/PhpStorm 2019.2.2/lib/xmlrpc-2.0.1.jar;C:/Program Files/JetBrains/PhpStorm 2019.2.2/lib/commons-codec-1.13.jar;C:/Program Files/JetBrains/PhpStorm 2019.2.2/lib/util.jar
Launcher Type: SUN_STANDARD

[Global flags]
     intx CICompilerCount                          = 3                                         {product} {ergonomic}
     uint ConcGCThreads                            = 1                                         {product} {ergonomic}
     uint G1ConcRefinementThreads                  = 4                                         {product} {ergonomic}
   size_t G1HeapRegionSize                         = 1048576                                   {product} {ergonomic}
    uintx GCDrainStackTargetSize                   = 64                                        {product} {ergonomic}
   size_t InitialHeapSize                          = 134217728                                 {product} {ergonomic}
   size_t MarkStackSize                            = 4194304                                   {product} {ergonomic}
   size_t MaxHeapSize                              = 2126512128                                {product} {ergonomic}
   size_t MinHeapDeltaBytes                        = 1048576                                   {product} {ergonomic}
    uintx NonNMethodCodeHeapSize                   = 5830092                                {pd product} {ergonomic}
    uintx NonProfiledCodeHeapSize                  = 122914074                              {pd product} {ergonomic}
    uintx ProfiledCodeHeapSize                     = 122914074                              {pd product} {ergonomic}
    uintx ReservedCodeCacheSize                    = 251658240                              {pd product} {ergonomic}
     bool SegmentedCodeCache                       = true                                      {product} {ergonomic}
     bool UseCompressedClassPointers               = true                                 {lp64_product} {ergonomic}
     bool UseCompressedOops                        = true                                 {lp64_product} {ergonomic}
     bool UseG1GC                                  = true                                      {product} {ergonomic}
     bool UseLargePagesIndividualAllocation        = false                                  {pd product} {ergonomic}

Logging:
Log output configuration:
 #0: stdout all=warning uptime,level,tags
 #1: stderr all=off uptime,level,tags

Environment Variables:
PATH=C:\Program Files\Git\mingw64\libexec\git-core;C:\Program Files\Git\mingw64\libexec\git-core;C:\Program Files\Git\mingw64\bin;C:\Program Files\Git\usr\bin;C:\Users\alex1\bin;C:\Python27;C:\Python27\Scripts;C:\Program Files (x86)\Common Files\Oracle\Java\javapath;C:\Windows\system32;C:\Windows;C:\Windows\System32\Wbem;C:\Windows\System32\WindowsPowerShell\v1.0;C:\Windows\System32\OpenSSH;C:\Program Files\NVIDIA Corporation\NVIDIA NvDLISR;C:\Program Files (x86)\NVIDIA Corporation\PhysX\Common;C:\Program Files\Git\cmd;C:\Program Files (x86)\IDEMIA\AWP\Dlls;C:\Program Files\IDEMIA\AWP\Dlls;C:\Program Files\LLVM\bin;C:\Program Files\dotnet;C:\Program Files\nodejs;C:\ProgramData\chocolatey\bin;C:\Program Files\Microsoft SQL Server\Client SDK\ODBC\170\Tools\Binn;C:\Program Files (x86)\Microsoft SQL Server\150\Tools\Binn;C:\Program Files\Microsoft SQL Server\150\Tools\Binn;C:\Program Files\Microsoft SQL Server\150\DTS\Binn;C:\Program Files (x86)\Microsoft SQL Server\150\DTS\Binn;C:\Users\alex1\AppData\Local\Programs\Python\Python37-32;C:\Users\alex1\AppData\Local\Programs\Python\Python37-32\Scripts;C:\C;C:\Program Files\Git\Users\alex1\AppData\Local\Programs\Python\Python37-32\Lib\site-packages;C:\Users\alex1\AppData\Local\Microsoft\WindowsApps;C:\Program Files\Java\jdk1.8.0_202\bin;C:\Users\alex1\AppData\Local\atom\bin;C:\Users\alex1\AppData\Local\Programs\Microsoft VS Code\bin;C:\Program Files\php\php_7.3;C:\Users\alex1\.dotnet\tools;C:\Program Files\Oracle\instantclient_19_3;C:\Program Files (x86)\Microsoft Visual Studio 14.0\VC;C:\Users\alex1\AppData\Local\Programs\Fiddler;C:\Users\alex1\AppData\Roaming\npm;C:\Users\alex1\AppData\Local\Programs\Azure Data Studio\bin
USERNAME=alex1
DISPLAY=:0.0
OS=Windows_NT
PROCESSOR_IDENTIFIER=Intel64 Family 6 Model 60 Stepping 3, GenuineIntel



---------------  S Y S T E M  ---------------

OS: Windows 10 , 64 bit Build 17763 (10.0.17763.475)

CPU:total 4 (initial active 4) (4 cores per cpu, 1 threads per core) family 6 model 60 stepping 3, cmov, cx8, fxsr, mmx, sse, sse2, sse3, ssse3, sse4.1, sse4.2, popcnt, avx, avx2, aes, clmul, erms, lzcnt, tsc, tscinvbit, bmi1, bmi2, fma

Memory: 4k page, system-wide physical 8111M (1192M free)
TotalPageFile size 12207M (AvailPageFile size 20M)
current process WorkingSet (physical memory assigned to process): 9M, peak: 9M
current process commit charge ("private bytes"): 51M, peak: 179M

vm_info: OpenJDK 64-Bit Server VM (11.0.3+12-b304.56) for windows-amd64 JRE (11.0.3+12-b304.56), built on Sep  3 2019 10:54:25 by "" with MS VC++ 14.0 (VS2015)

END.
